Command line:
   ./alu64_sync_tb_isim_beh.exe
     -intstyle  ise
     -ipchost  localhost
     -ipcport  1728

Mon Feb 21 19:36:53 2022

Total Line Count : 4740

 Elaboration Time: 0.125 sec

 Current Memory Usage: 191.304 Meg

 Total Signals          : 4610
 Total Nets             : 2090
 Total Signal Drivers   : 1713
 Total Blocks           : 1035
 Total Primitive Blocks : 917
 Total Processes        : 2575
 Total Traceable Variables  : 813
 Total Scalar Nets and Variables : 3665
ntrace select -o on -n /alu64_sync_tb/PERIOD 
ntrace select -o on -n /alu64_sync_tb/DUTY_CYCLE 
ntrace select -o on -n /alu64_sync_tb/OFFSET 
ntrace select -o on -n /alu64_sync_tb/C 
ntrace select -o on -n /alu64_sync_tb/CE 
ntrace select -o on -n /alu64_sync_tb/R 
ntrace select -o on -n /alu64_sync_tb/OP 
ntrace select -o on -n /alu64_sync_tb/MD 
ntrace select -o on -n /alu64_sync_tb/R1 
ntrace select -o on -n /alu64_sync_tb/R2 
ntrace select -o on -n /alu64_sync_tb/Q 
ntrace select -o on -n /alu64_sync_tb/OVR 
ntrace select -o on -n /alu64_sync_tb/LT 
ntrace select -o on -n /alu64_sync_tb/GT 
ntrace select -o on -n /alu64_sync_tb/EQ 
ntrace start 
isimrun 1000 ns 
Simulator is doing circuit initialization process.
Finished circuit initialization process.
isimrun 2000 ns 

 Total Simulation Time: 0.171875 sec

 Current Memory Usage: 196.78 Meg

Mon Feb 21 19:50:56 2022

